2008.02.26 21:56 B C:\Dokumente und Einstellungen\All Users\Dokumente\Dateien\Dokumente\schule0708\1ehdv\projects\chapter06\hamster\images\corn.png --> miraculix.spengergasse.at /PUPIL/schenks/1ehdv/projects/chapter06/hamster/images corn.png
2008.02.26 21:56 B C:\Dokumente und Einstellungen\All Users\Dokumente\Dateien\Dokumente\schule0708\1ehdv\projects\chapter06\hamster\images\corn1.png --> miraculix.spengergasse.at /PUPIL/schenks/1ehdv/projects/chapter06/hamster/images corn1.png
2008.02.26 21:56 B C:\Dokumente und Einstellungen\All Users\Dokumente\Dateien\Dokumente\schule0708\1ehdv\projects\chapter06\hamster\images\corn10.png --> miraculix.spengergasse.at /PUPIL/schenks/1ehdv/projects/chapter06/hamster/images corn10.png
2008.02.26 21:56 B C:\Dokumente und Einstellungen\All Users\Dokumente\Dateien\Dokumente\schule0708\1ehdv\projects\chapter06\hamster\images\corn11.png --> miraculix.spengergasse.at /PUPIL/schenks/1ehdv/projects/chapter06/hamster/images corn11.png
2008.02.26 21:56 B C:\Dokumente und Einstellungen\All Users\Dokumente\Dateien\Dokumente\schule0708\1ehdv\projects\chapter06\hamster\images\corn12.png --> miraculix.spengergasse.at /PUPIL/schenks/1ehdv/projects/chapter06/hamster/images corn12.png
2008.02.26 21:56 B C:\Dokumente und Einstellungen\All Users\Dokumente\Dateien\Dokumente\schule0708\1ehdv\projects\chapter06\hamster\images\corn2.png --> miraculix.spengergasse.at /PUPIL/schenks/1ehdv/projects/chapter06/hamster/images corn2.png
2008.02.26 21:56 B C:\Dokumente und Einstellungen\All Users\Dokumente\Dateien\Dokumente\schule0708\1ehdv\projects\chapter06\hamster\images\corn3.png --> miraculix.spengergasse.at /PUPIL/schenks/1ehdv/projects/chapter06/hamster/images corn3.png
2008.02.26 21:56 B C:\Dokumente und Einstellungen\All Users\Dokumente\Dateien\Dokumente\schule0708\1ehdv\projects\chapter06\hamster\images\corn4.png --> miraculix.spengergasse.at /PUPIL/schenks/1ehdv/projects/chapter06/hamster/images corn4.png
2008.02.26 21:56 B C:\Dokumente und Einstellungen\All Users\Dokumente\Dateien\Dokumente\schule0708\1ehdv\projects\chapter06\hamster\images\corn5.png --> miraculix.spengergasse.at /PUPIL/schenks/1ehdv/projects/chapter06/hamster/images corn5.png
2008.02.26 21:56 B C:\Dokumente und Einstellungen\All Users\Dokumente\Dateien\Dokumente\schule0708\1ehdv\projects\chapter06\hamster\images\corn6.png --> miraculix.spengergasse.at /PUPIL/schenks/1ehdv/projects/chapter06/hamster/images corn6.png
2008.02.26 21:56 B C:\Dokumente und Einstellungen\All Users\Dokumente\Dateien\Dokumente\schule0708\1ehdv\projects\chapter06\hamster\images\corn7.png --> miraculix.spengergasse.at /PUPIL/schenks/1ehdv/projects/chapter06/hamster/images corn7.png
2008.02.26 21:56 B C:\Dokumente und Einstellungen\All Users\Dokumente\Dateien\Dokumente\schule0708\1ehdv\projects\chapter06\hamster\images\corn8.png --> miraculix.spengergasse.at /PUPIL/schenks/1ehdv/projects/chapter06/hamster/images corn8.png
2008.02.26 21:56 B C:\Dokumente und Einstellungen\All Users\Dokumente\Dateien\Dokumente\schule0708\1ehdv\projects\chapter06\hamster\images\corn9.png --> miraculix.spengergasse.at /PUPIL/schenks/1ehdv/projects/chapter06/hamster/images corn9.png
2008.02.26 21:56 B C:\Dokumente und Einstellungen\All Users\Dokumente\Dateien\Dokumente\schule0708\1ehdv\projects\chapter06\hamster\images\hamster0.png --> miraculix.spengergasse.at /PUPIL/schenks/1ehdv/projects/chapter06/hamster/images hamster0.png
2008.02.26 21:56 B C:\Dokumente und Einstellungen\All Users\Dokumente\Dateien\Dokumente\schule0708\1ehdv\projects\chapter06\hamster\images\hamster1.png --> miraculix.spengergasse.at /PUPIL/schenks/1ehdv/projects/chapter06/hamster/images hamster1.png
2008.02.26 21:56 B C:\Dokumente und Einstellungen\All Users\Dokumente\Dateien\Dokumente\schule0708\1ehdv\projects\chapter06\hamster\images\hamster2.png --> miraculix.spengergasse.at /PUPIL/schenks/1ehdv/projects/chapter06/hamster/images hamster2.png
2008.02.26 21:56 B C:\Dokumente und Einstellungen\All Users\Dokumente\Dateien\Dokumente\schule0708\1ehdv\projects\chapter06\hamster\images\tile.jpg --> miraculix.spengergasse.at /PUPIL/schenks/1ehdv/projects/chapter06/hamster/images tile.jpg
2008.02.26 21:56 B C:\Dokumente und Einstellungen\All Users\Dokumente\Dateien\Dokumente\schule0708\1ehdv\projects\chapter06\hamster\images\wall.png --> miraculix.spengergasse.at /PUPIL/schenks/1ehdv/projects/chapter06/hamster/images wall.png
2008.03.06 21:34 B C:\Dokumente und Einstellungen\All Users\Dokumente\Dateien\Dokumente\schule0708\1ehdv\projects\chapter06\hamster\images\corn.png --> miraculix.spengergasse.at /PUPIL/schenks/1ehdv/projects/chapter06/hamster/images corn.png
2008.03.06 21:34 B C:\Dokumente und Einstellungen\All Users\Dokumente\Dateien\Dokumente\schule0708\1ehdv\projects\chapter06\hamster\images\corn1.png --> miraculix.spengergasse.at /PUPIL/schenks/1ehdv/projects/chapter06/hamster/images corn1.png
2008.03.06 21:35 B C:\Dokumente und Einstellungen\All Users\Dokumente\Dateien\Dokumente\schule0708\1ehdv\projects\chapter06\hamster\images\corn10.png --> miraculix.spengergasse.at /PUPIL/schenks/1ehdv/projects/chapter06/hamster/images corn10.png
2008.03.06 21:35 B C:\Dokumente und Einstellungen\All Users\Dokumente\Dateien\Dokumente\schule0708\1ehdv\projects\chapter06\hamster\images\corn11.png --> miraculix.spengergasse.at /PUPIL/schenks/1ehdv/projects/chapter06/hamster/images corn11.png
2008.03.06 21:35 B C:\Dokumente und Einstellungen\All Users\Dokumente\Dateien\Dokumente\schule0708\1ehdv\projects\chapter06\hamster\images\corn12.png --> miraculix.spengergasse.at /PUPIL/schenks/1ehdv/projects/chapter06/hamster/images corn12.png
2008.03.06 21:35 B C:\Dokumente und Einstellungen\All Users\Dokumente\Dateien\Dokumente\schule0708\1ehdv\projects\chapter06\hamster\images\corn2.png --> miraculix.spengergasse.at /PUPIL/schenks/1ehdv/projects/chapter06/hamster/images corn2.png
2008.03.06 21:35 B C:\Dokumente und Einstellungen\All Users\Dokumente\Dateien\Dokumente\schule0708\1ehdv\projects\chapter06\hamster\images\corn3.png --> miraculix.spengergasse.at /PUPIL/schenks/1ehdv/projects/chapter06/hamster/images corn3.png
2008.03.06 21:35 B C:\Dokumente und Einstellungen\All Users\Dokumente\Dateien\Dokumente\schule0708\1ehdv\projects\chapter06\hamster\images\corn4.png --> miraculix.spengergasse.at /PUPIL/schenks/1ehdv/projects/chapter06/hamster/images corn4.png
2008.03.06 21:35 B C:\Dokumente und Einstellungen\All Users\Dokumente\Dateien\Dokumente\schule0708\1ehdv\projects\chapter06\hamster\images\corn5.png --> miraculix.spengergasse.at /PUPIL/schenks/1ehdv/projects/chapter06/hamster/images corn5.png
2008.03.06 21:35 B C:\Dokumente und Einstellungen\All Users\Dokumente\Dateien\Dokumente\schule0708\1ehdv\projects\chapter06\hamster\images\corn6.png --> miraculix.spengergasse.at /PUPIL/schenks/1ehdv/projects/chapter06/hamster/images corn6.png
2008.03.06 21:35 B C:\Dokumente und Einstellungen\All Users\Dokumente\Dateien\Dokumente\schule0708\1ehdv\projects\chapter06\hamster\images\corn7.png --> miraculix.spengergasse.at /PUPIL/schenks/1ehdv/projects/chapter06/hamster/images corn7.png
2008.03.06 21:35 B C:\Dokumente und Einstellungen\All Users\Dokumente\Dateien\Dokumente\schule0708\1ehdv\projects\chapter06\hamster\images\corn8.png --> miraculix.spengergasse.at /PUPIL/schenks/1ehdv/projects/chapter06/hamster/images corn8.png
2008.03.06 21:35 B C:\Dokumente und Einstellungen\All Users\Dokumente\Dateien\Dokumente\schule0708\1ehdv\projects\chapter06\hamster\images\corn9.png --> miraculix.spengergasse.at /PUPIL/schenks/1ehdv/projects/chapter06/hamster/images corn9.png
2008.03.06 21:35 B C:\Dokumente und Einstellungen\All Users\Dokumente\Dateien\Dokumente\schule0708\1ehdv\projects\chapter06\hamster\images\hamster0.png --> miraculix.spengergasse.at /PUPIL/schenks/1ehdv/projects/chapter06/hamster/images hamster0.png
2008.03.06 21:35 B C:\Dokumente und Einstellungen\All Users\Dokumente\Dateien\Dokumente\schule0708\1ehdv\projects\chapter06\hamster\images\hamster1.png --> miraculix.spengergasse.at /PUPIL/schenks/1ehdv/projects/chapter06/hamster/images hamster1.png
2008.03.06 21:35 B C:\Dokumente und Einstellungen\All Users\Dokumente\Dateien\Dokumente\schule0708\1ehdv\projects\chapter06\hamster\images\hamster2.png --> miraculix.spengergasse.at /PUPIL/schenks/1ehdv/projects/chapter06/hamster/images hamster2.png
2008.03.06 21:35 B C:\Dokumente und Einstellungen\All Users\Dokumente\Dateien\Dokumente\schule0708\1ehdv\projects\chapter06\hamster\images\tile.jpg --> miraculix.spengergasse.at /PUPIL/schenks/1ehdv/projects/chapter06/hamster/images tile.jpg
2008.03.06 21:35 B C:\Dokumente und Einstellungen\All Users\Dokumente\Dateien\Dokumente\schule0708\1ehdv\projects\chapter06\hamster\images\wall.png --> miraculix.spengergasse.at /PUPIL/schenks/1ehdv/projects/chapter06/hamster/images wall.png
2008.03.06 21:35 B C:\Dokumente und Einstellungen\All Users\Dokumente\Dateien\Dokumente\schule0708\1ehdv\projects\chapter06\hamster\images\WS_FTP.LOG --> miraculix.spengergasse.at /PUPIL/schenks/1ehdv/projects/chapter06/hamster/images WS_FTP.LOG
